# JRE version: Java(TM) SE Runtime Environment (8.0_201-b09) (build 1.8.0_201-b09)
# Java VM: Java HotSpot(TM) 64-Bit Server VM (25.201-b09 mixed mode windows-amd64 compressed oops)
Heap:
 PSYoungGen      total 141312K, used 116093K [0x00000000d5d80000, 0x00000000e0b00000, 0x0000000100000000)
  eden space 131072K, 88% used [0x00000000d5d80000,0x00000000dcedf470,0x00000000ddd80000)
  from space 10240K, 0% used [0x00000000e0100000,0x00000000e0100000,0x00000000e0b00000)
  to   space 8704K, 0% used [0x00000000ddd80000,0x00000000ddd80000,0x00000000de600000)
 ParOldGen       total 59392K, used 14255K [0x0000000081800000, 0x0000000085200000, 0x00000000d5d80000)
  object space 59392K, 24% used [0x0000000081800000,0x00000000825ebe50,0x0000000085200000)
 Metaspace       used 43361K, capacity 44920K, committed 45184K, reserved 1089536K
  class space    used 5629K, capacity 5968K, committed 6016K, reserved 1048576K
GC Heap History (10 events):
Event: 1.887 GC heap before
{Heap before GC invocations=6 (full 1):
 PSYoungGen      total 71680K, used 5102K [0x00000000d5d80000, 0x00000000df180000, 0x0000000100000000)
  eden space 66560K, 0% used [0x00000000d5d80000,0x00000000d5d80000,0x00000000d9e80000)
  from space 5120K, 99% used [0x00000000d9e80000,0x00000000da37ba78,0x00000000da380000)
  to   space 9216K, 0% used [0x00000000de880000,0x00000000de880000,0x00000000df180000)
 ParOldGen       total 87552K, used 5425K [0x0000000081800000, 0x0000000086d80000, 0x00000000d5d80000)
  object space 87552K, 6% used [0x0000000081800000,0x0000000081d4c750,0x0000000086d80000)
 Metaspace       used 20424K, capacity 21178K, committed 21296K, reserved 1067008K
  class space    used 2683K, capacity 2877K, committed 2944K, reserved 1048576K
Event: 1.920 GC heap after
Heap after GC invocations=6 (full 1):
 PSYoungGen      total 71680K, used 0K [0x00000000d5d80000, 0x00000000df180000, 0x0000000100000000)
  eden space 66560K, 0% used [0x00000000d5d80000,0x00000000d5d80000,0x00000000d9e80000)
  from space 5120K, 0% used [0x00000000d9e80000,0x00000000d9e80000,0x00000000da380000)
  to   space 9216K, 0% used [0x00000000de880000,0x00000000de880000,0x00000000df180000)
 ParOldGen       total 59392K, used 8905K [0x0000000081800000, 0x0000000085200000, 0x00000000d5d80000)
  object space 59392K, 14% used [0x0000000081800000,0x00000000820b2418,0x0000000085200000)
 Metaspace       used 20424K, capacity 21178K, committed 21296K, reserved 1067008K
  class space    used 2683K, capacity 2877K, committed 2944K, reserved 1048576K
}
Event: 2.405 GC heap before
{Heap before GC invocations=7 (full 1):
 PSYoungGen      total 71680K, used 66560K [0x00000000d5d80000, 0x00000000df180000, 0x0000000100000000)
  eden space 66560K, 100% used [0x00000000d5d80000,0x00000000d9e80000,0x00000000d9e80000)
  from space 5120K, 0% used [0x00000000d9e80000,0x00000000d9e80000,0x00000000da380000)
  to   space 9216K, 0% used [0x00000000de880000,0x00000000de880000,0x00000000df180000)
 ParOldGen       total 59392K, used 8905K [0x0000000081800000, 0x0000000085200000, 0x00000000d5d80000)
  object space 59392K, 14% used [0x0000000081800000,0x00000000820b2418,0x0000000085200000)
 Metaspace       used 24390K, capacity 25302K, committed 25472K, reserved 1071104K
  class space    used 3176K, capacity 3399K, committed 3456K, reserved 1048576K
Event: 2.411 GC heap after
Heap after GC invocations=7 (full 1):
 PSYoungGen      total 110080K, used 5752K [0x00000000d5d80000, 0x00000000dee80000, 0x0000000100000000)
  eden space 103936K, 0% used [0x00000000d5d80000,0x00000000d5d80000,0x00000000dc300000)
  from space 6144K, 93% used [0x00000000de880000,0x00000000dee1e330,0x00000000dee80000)
  to   space 8704K, 0% used [0x00000000ddd80000,0x00000000ddd80000,0x00000000de600000)
 ParOldGen       total 59392K, used 8913K [0x0000000081800000, 0x0000000085200000, 0x00000000d5d80000)
  object space 59392K, 15% used [0x0000000081800000,0x00000000820b4418,0x0000000085200000)
 Metaspace       used 24390K, capacity 25302K, committed 25472K, reserved 1071104K
  class space    used 3176K, capacity 3399K, committed 3456K, reserved 1048576K
}
Event: 3.598 GC heap before
{Heap before GC invocations=8 (full 1):
 PSYoungGen      total 110080K, used 109688K [0x00000000d5d80000, 0x00000000dee80000, 0x0000000100000000)
  eden space 103936K, 100% used [0x00000000d5d80000,0x00000000dc300000,0x00000000dc300000)
  from space 6144K, 93% used [0x00000000de880000,0x00000000dee1e330,0x00000000dee80000)
  to   space 8704K, 0% used [0x00000000ddd80000,0x00000000ddd80000,0x00000000de600000)
 ParOldGen       total 59392K, used 8913K [0x0000000081800000, 0x0000000085200000, 0x00000000d5d80000)
  object space 59392K, 15% used [0x0000000081800000,0x00000000820b4418,0x0000000085200000)
 Metaspace       used 30165K, capacity 31410K, committed 31616K, reserved 1077248K
  class space    used 3902K, capacity 4161K, committed 4224K, reserved 1048576K
Event: 3.607 GC heap after
Heap after GC invocations=8 (full 1):
 PSYoungGen      total 139776K, used 8692K [0x00000000d5d80000, 0x00000000e0b00000, 0x0000000100000000)
  eden space 131072K, 0% used [0x00000000d5d80000,0x00000000d5d80000,0x00000000ddd80000)
  from space 8704K, 99% used [0x00000000ddd80000,0x00000000de5fd0c0,0x00000000de600000)
  to   space 10240K, 0% used [0x00000000e0100000,0x00000000e0100000,0x00000000e0b00000)
 ParOldGen       total 59392K, used 10147K [0x0000000081800000, 0x0000000085200000, 0x00000000d5d80000)
  object space 59392K, 17% used [0x0000000081800000,0x00000000821e8c40,0x0000000085200000)
 Metaspace       used 30165K, capacity 31410K, committed 31616K, reserved 1077248K
  class space    used 3902K, capacity 4161K, committed 4224K, reserved 1048576K
}
Event: 4.322 GC heap before
{Heap before GC invocations=9 (full 1):
 PSYoungGen      total 139776K, used 71128K [0x00000000d5d80000, 0x00000000e0b00000, 0x0000000100000000)
  eden space 131072K, 47% used [0x00000000d5d80000,0x00000000d9a791b0,0x00000000ddd80000)
  from space 8704K, 99% used [0x00000000ddd80000,0x00000000de5fd0c0,0x00000000de600000)
  to   space 10240K, 0% used [0x00000000e0100000,0x00000000e0100000,0x00000000e0b00000)
 ParOldGen       total 59392K, used 10147K [0x0000000081800000, 0x0000000085200000, 0x00000000d5d80000)
  object space 59392K, 17% used [0x0000000081800000,0x00000000821e8c40,0x0000000085200000)
 Metaspace       used 34084K, capacity 35344K, committed 35456K, reserved 1079296K
  class space    used 4406K, capacity 4682K, committed 4736K, reserved 1048576K
Event: 4.329 GC heap after
Heap after GC invocations=9 (full 1):
 PSYoungGen      total 141312K, used 9383K [0x00000000d5d80000, 0x00000000e0b00000, 0x0000000100000000)
  eden space 131072K, 0% used [0x00000000d5d80000,0x00000000d5d80000,0x00000000ddd80000)
  from space 10240K, 91% used [0x00000000e0100000,0x00000000e0a29cd0,0x00000000e0b00000)
  to   space 8704K, 0% used [0x00000000ddd80000,0x00000000ddd80000,0x00000000de600000)
 ParOldGen       total 59392K, used 10155K [0x0000000081800000, 0x0000000085200000, 0x00000000d5d80000)
  object space 59392K, 17% used [0x0000000081800000,0x00000000821eac40,0x0000000085200000)
 Metaspace       used 34084K, capacity 35344K, committed 35456K, reserved 1079296K
  class space    used 4406K, capacity 4682K, committed 4736K, reserved 1048576K
}
Event: 4.329 GC heap before
{Heap before GC invocations=10 (full 2):
 PSYoungGen      total 141312K, used 9383K [0x00000000d5d80000, 0x00000000e0b00000, 0x0000000100000000)
  eden space 131072K, 0% used [0x00000000d5d80000,0x00000000d5d80000,0x00000000ddd80000)
  from space 10240K, 91% used [0x00000000e0100000,0x00000000e0a29cd0,0x00000000e0b00000)
  to   space 8704K, 0% used [0x00000000ddd80000,0x00000000ddd80000,0x00000000de600000)
 ParOldGen       total 59392K, used 10155K [0x0000000081800000, 0x0000000085200000, 0x00000000d5d80000)
  object space 59392K, 17% used [0x0000000081800000,0x00000000821eac40,0x0000000085200000)
 Metaspace       used 34084K, capacity 35344K, committed 35456K, reserved 1079296K
  class space    used 4406K, capacity 4682K, committed 4736K, reserved 1048576K
Event: 4.372 GC heap after
Heap after GC invocations=10 (full 2):
 PSYoungGen      total 141312K, used 0K [0x00000000d5d80000, 0x00000000e0b00000, 0x0000000100000000)
  eden space 131072K, 0% used [0x00000000d5d80000,0x00000000d5d80000,0x00000000ddd80000)
  from space 10240K, 0% used [0x00000000e0100000,0x00000000e0100000,0x00000000e0b00000)
  to   space 8704K, 0% used [0x00000000ddd80000,0x00000000ddd80000,0x00000000de600000)
 ParOldGen       total 59392K, used 14255K [0x0000000081800000, 0x0000000085200000, 0x00000000d5d80000)
  object space 59392K, 24% used [0x0000000081800000,0x00000000825ebe50,0x0000000085200000)
 Metaspace       used 34084K, capacity 35344K, committed 35456K, reserved 1079296K
  class space    used 4406K, capacity 4682K, committed 4736K, reserved 1048576K
}

